\BOOKMARK [0][-]{chapter.1}{\376\377\170\301\133\146\174\373\176\337\166\204\166\370\123\330\000\040\000I}{}% 1
\BOOKMARK [1][-]{section.1.1}{\376\377\000I\000n\000t\000r\000o\000d\000u\000c\000t\000i\000o\000n}{chapter.1}% 2
\BOOKMARK [2][-]{subsection.1.1.1}{\376\377\225\356\230\230\200\314\146\157}{section.1.1}% 3
\BOOKMARK [2][-]{subsection.1.1.2}{\376\377\000P\000V\000T\174\373\176\337\124\214\000H\000M\000T\174\373\176\337}{section.1.1}% 4
\BOOKMARK [2][-]{subsection.1.1.3}{\376\377\000I\000s\000i\000n\000g\152\041\127\213\124\214\170\301\133\146\160\355\122\233\133\146}{section.1.1}% 5
\BOOKMARK [1][-]{section.1.2}{\376\377\166\370\123\330\163\260\214\141}{chapter.1}% 6
\BOOKMARK [1][-]{section.1.3}{\376\377\000I\000s\000i\000n\000g\152\041\127\213\166\204\211\343\147\220\211\343}{chapter.1}% 7
\BOOKMARK [2][-]{subsection.1.3.1}{\376\377\000B\000o\000n\000d\217\321\117\074\154\325}{section.1.3}% 8
\BOOKMARK [2][-]{subsection.1.3.2}{\376\377\217\154\171\373\167\351\226\065\154\325}{section.1.3}% 9
\BOOKMARK [2][-]{subsection.1.3.3}{\376\377\160\355\122\233\133\146\122\006\147\220}{section.1.3}% 10
\BOOKMARK [1][-]{section.1.4}{\376\377\116\140\230\230}{chapter.1}% 11
\BOOKMARK [0][-]{chapter.2}{\376\377\170\301\133\146\174\373\176\337\166\204\166\370\123\330\000\040\000I\000I}{}% 12
\BOOKMARK [1][-]{section.2.1}{\376\377\121\163\200\124\121\375\145\160}{chapter.2}% 13
\BOOKMARK [1][-]{section.2.2}{\376\377\136\163\127\107\127\072\164\006\213\272}{chapter.2}% 14
\BOOKMARK [1][-]{section.2.3}{\376\377\221\315\145\164\123\026\177\244\145\271\154\325}{chapter.2}% 15
\BOOKMARK [1][-]{section.2.4}{\376\377\116\140\230\230}{chapter.2}% 16
\BOOKMARK [0][-]{chapter.3}{\376\377\166\370\126\376}{}% 17
\BOOKMARK [1][-]{section.3.1}{\376\377\000v\000a\000n\000\040\000d\000e\000r\000\040\000W\000a\000a\000l\000s\145\271\172\013\124\214\154\024\155\262\166\370\123\330}{chapter.3}% 18
\BOOKMARK [1][-]{section.3.2}{\376\377\116\044\176\304\122\006\174\373\176\337}{chapter.3}% 19
\BOOKMARK [1][-]{section.3.3}{\376\377\126\372\155\262\155\367\124\010\162\151}{chapter.3}% 20
\BOOKMARK [1][-]{section.3.4}{\376\377\116\140\230\230}{chapter.3}% 21
\BOOKMARK [0][-]{chapter.4}{\376\377\166\370\123\330\166\204\147\027\220\123\125\057\214\141\164\006\213\272}{}% 22
\BOOKMARK [0][-]{chapter.5}{\376\377\176\317\121\170\155\101\117\123}{}% 23
\BOOKMARK [1][-]{section.5.1}{\376\377\000I\000n\000t\000r\000o\000d\000u\000c\000t\000i\000o\000n}{chapter.5}% 24
\BOOKMARK [1][-]{section.5.2}{\376\377\176\317\121\170\221\115\122\006\121\375\145\160}{chapter.5}% 25
\BOOKMARK [2][-]{subsection.5.2.1}{\376\377\166\370\172\172\225\364\124\214\176\317\121\170\221\115\122\006\121\375\145\160}{section.5.2}% 26
\BOOKMARK [2][-]{subsection.5.2.2}{\376\377\116\000\116\233\176\317\121\170\140\047\215\050}{section.5.2}% 27
\BOOKMARK [1][-]{section.5.3}{\376\377\176\246\123\026\122\006\136\003\121\375\145\160}{chapter.5}% 28
\BOOKMARK [1][-]{section.5.4}{\376\377\133\371\121\163\200\124\121\375\145\160\124\214\160\355\122\233\133\146\140\047\215\050\154\102\211\343}{chapter.5}% 29
\BOOKMARK [1][-]{section.5.5}{\376\377\116\140\230\230}{chapter.5}% 30
