\BOOKMARK [0][-]{chapter.1}{\376\377\133\374\212\000\124\214\174\373\176\374\164\006\213\272\127\372\170\100}{}% 1
\BOOKMARK [1][-]{section.1.1}{\376\377\133\374\212\000}{chapter.1}% 2
\BOOKMARK [2][-]{subsection.1.1.1}{\376\377\151\202\217\360}{section.1.1}% 3
\BOOKMARK [2][-]{subsection.1.1.2}{\376\377\220\115\123\206\140\047\120\107\213\276}{section.1.1}% 4
\BOOKMARK [1][-]{section.1.2}{\376\377\174\373\176\374\164\006\213\272\127\372\170\100}{chapter.1}% 5
\BOOKMARK [2][-]{subsection.1.2.1}{\376\377\151\202\217\360}{section.1.2}% 6
\BOOKMARK [2][-]{subsection.1.2.2}{\376\377\137\256\153\143\122\031\174\373\176\374}{section.1.2}% 7
\BOOKMARK [2][-]{subsection.1.2.3}{\376\377\140\073\176\323}{section.1.2}% 8
\BOOKMARK [1][-]{section.1.3}{\376\377\000T\000e\000m\000p\000e\000r\000a\000t\000u\000r\000e}{chapter.1}% 9
\BOOKMARK [1][-]{section.1.4}{\376\377\116\140\230\230}{chapter.1}% 10
\BOOKMARK [0][-]{chapter.2}{\376\377\153\143\122\031\174\373\176\374\124\214\136\177\116\111\174\373\176\374}{}% 11
\BOOKMARK [1][-]{section.2.1}{\376\377\153\143\122\031\174\373\176\374}{chapter.2}% 12
\BOOKMARK [2][-]{subsection.2.1.1}{\376\377\153\143\122\031\174\373\176\374\124\214\221\115\122\006\121\375\145\160}{section.2.1}% 13
\BOOKMARK [2][-]{subsection.2.1.2}{\376\377\127\107\120\074\060\001\155\250\204\075\124\214\200\375\221\317\166\204\153\143\122\031\122\006\136\003}{section.2.1}% 14
\BOOKMARK [2][-]{subsection.2.1.3}{\376\377\121\166\116\326\160\355\122\233\133\146\121\163\174\373}{section.2.1}% 15
\BOOKMARK [2][-]{subsection.2.1.4}{\376\377\000G\000i\000b\000b\000s\161\265\121\154\137\017}{section.2.1}% 16
\BOOKMARK [2][-]{subsection.2.1.5}{\376\377\140\073\176\323}{section.2.1}% 17
\BOOKMARK [1][-]{section.2.2}{\376\377\136\177\116\111\174\373\176\374}{chapter.2}% 18
\BOOKMARK [2][-]{subsection.2.2.1}{\376\377\135\350\153\143\122\031\174\373\176\374}{section.2.2}% 19
\BOOKMARK [2][-]{subsection.2.2.2}{\376\377\173\111\156\051\173\111\123\213\174\373\176\374}{section.2.2}% 20
\BOOKMARK [1][-]{section.2.3}{\376\377\116\140\230\230}{chapter.2}% 21
\BOOKMARK [0][-]{chapter.3}{\376\377\221\317\133\120\176\337\213\241\133\146\166\204\210\150\217\360\137\142\137\017}{}% 22
\BOOKMARK [1][-]{section.3.1}{\376\377\000I\000n\000t\000r\000o\000d\000u\000c\000t\000i\000o\000n}{chapter.3}% 23
\BOOKMARK [1][-]{section.3.2}{\376\377\133\306\136\246\167\351\226\065}{chapter.3}% 24
\BOOKMARK [1][-]{section.3.3}{\376\377\124\004\171\315\176\337\213\241\174\373\176\374}{chapter.3}% 25
\BOOKMARK [2][-]{subsection.3.3.1}{\376\377\137\256\153\143\122\031\174\373\176\374}{section.3.3}% 26
\BOOKMARK [2][-]{subsection.3.3.2}{\376\377\153\143\122\031\174\373\176\374}{section.3.3}% 27
\BOOKMARK [2][-]{subsection.3.3.3}{\376\377\135\350\153\143\122\031\174\373\176\374}{section.3.3}% 28
\BOOKMARK [1][-]{section.3.4}{\376\377\000E\000x\000a\000m\000p\000l\000e\000s}{chapter.3}% 29
\BOOKMARK [1][-]{section.3.5}{\376\377\116\140\230\230}{chapter.3}% 30
\BOOKMARK [0][-]{chapter.4}{\376\377\000P\000a\000r\000t\000i\000c\000l\000e\000s\000\040\000I\000\040\000\050\000T\000h\000e\000o\000r\000y\000\051}{}% 31
\BOOKMARK [1][-]{section.4.1}{\376\377\000I\000n\000t\000r\000o\000d\000u\000c\000t\000i\000o\000n}{chapter.4}% 32
\BOOKMARK [2][-]{subsection.4.1.1}{\376\377\145\340\121\163\200\124\174\373\176\337}{section.4.1}% 33
\BOOKMARK [2][-]{subsection.4.1.2}{\376\377\221\115\122\006\121\375\145\160\126\340\133\120\123\026}{section.4.1}% 34
\BOOKMARK [2][-]{subsection.4.1.3}{\376\377\121\150\124\014\174\222\133\120}{section.4.1}% 35
\BOOKMARK [1][-]{section.4.2}{\376\377\221\317\133\120\176\337\213\241\164\006\213\272}{chapter.4}% 36
\BOOKMARK [2][-]{subsection.4.2.1}{\376\377\000B\000o\000s\000e\000-\000E\000i\000n\000s\000t\000e\000i\000n\176\337\213\241\124\214\000F\000e\000r\000m\000i\000-\000D\000i\000r\000a\000c\176\337\213\241}{section.4.2}% 37
\BOOKMARK [2][-]{subsection.4.2.2}{\376\377\176\317\121\170\147\201\226\120}{section.4.2}% 38
\BOOKMARK [2][-]{subsection.4.2.3}{\376\377\135\350\153\143\122\031\174\373\176\374\166\204\136\224\165\050}{section.4.2}% 39
\BOOKMARK [1][-]{section.4.3}{\376\377\116\140\230\230}{chapter.4}% 40
\BOOKMARK [0][-]{chapter.5}{\376\377\000P\000a\000r\000t\000i\000c\000l\000e\000s\000\040\000I\000I\000\040\000\050\000A\000p\000p\000l\000i\000c\000a\000t\000i\000o\000n\000\051}{}% 41
\BOOKMARK [1][-]{section.5.1}{\376\377\000P\000h\000o\000t\000o\000n\000\040\000a\000n\000d\000\040\000P\000h\000o\000n\000o\000n}{chapter.5}% 42
\BOOKMARK [2][-]{subsection.5.1.1}{\376\377\236\321\117\123\217\220\134\004}{section.5.1}% 43
\BOOKMARK [2][-]{subsection.5.1.2}{\376\377\130\360\133\120}{section.5.1}% 44
\BOOKMARK [1][-]{section.5.2}{\376\377\176\317\121\170\164\006\140\363\154\024\117\123}{chapter.5}% 45
\BOOKMARK [2][-]{subsection.5.2.1}{\376\377\136\163\122\250\142\306\122\006}{section.5.2}% 46
\BOOKMARK [2][-]{subsection.5.2.2}{\376\377\145\340\176\323\147\204\176\317\121\170\164\006\140\363\154\024\117\123}{section.5.2}% 47
\BOOKMARK [2][-]{subsection.5.2.3}{\376\377\123\125\123\237\133\120\124\214\123\314\123\237\133\120\164\006\140\363\154\024\117\123\122\006\133\120}{section.5.2}% 48
\BOOKMARK [2][-]{subsection.5.2.4}{\376\377\131\032\123\237\133\120\122\006\133\120\154\024\117\123}{section.5.2}% 49
\BOOKMARK [1][-]{section.5.3}{\376\377\116\140\230\230}{chapter.5}% 50
\BOOKMARK [0][-]{chapter.6}{\376\377\123\112\133\374\117\123}{}% 51
\BOOKMARK [1][-]{section.6.1}{\376\377\000I\000n\000t\000r\000i\000n\000s\000i\000c\000\040\000S\000e\000m\000i\000c\000o\000n\000d\000u\000c\000t\000o\000r\000\040\000\046\000\040\000E\000x\000t\000r\000i\000n\000s\000i\000c\000\040\000S\000e\000m\000i\000c\000o\000n\000d\000u\000c\000t\000o\000r}{chapter.6}% 52
\BOOKMARK [1][-]{section.6.2}{\376\377\000P\000N\000\040\000J\000u\000n\000c\000t\000i\000o\000n}{chapter.6}% 53
\BOOKMARK [1][-]{section.6.3}{\376\377\000N\000o\000n\000-\000e\000q\000u\000i\000l\000i\000b\000r\000i\000u\000m\000\040\000S\000e\000m\000i\000c\000o\000n\000d\000u\000c\000t\000o\000r}{chapter.6}% 54
\BOOKMARK [0][-]{chapter.7}{\376\377\154\024\166\370\123\026\133\146\136\163\210\141}{}% 55
\BOOKMARK [1][-]{section.7.1}{\376\377\133\374\212\000}{chapter.7}% 56
\BOOKMARK [1][-]{section.7.2}{\376\377\121\167\117\123\122\006\147\220}{chapter.7}% 57
\BOOKMARK [1][-]{section.7.3}{\376\377\000E\000x\000a\000m\000p\000l\000e\000s}{chapter.7}% 58
\BOOKMARK [2][-]{subsection.7.3.1}{\376\377\000N\000a\166\204\123\314\200\132}{section.7.3}% 59
\BOOKMARK [2][-]{subsection.7.3.2}{\376\377\000H\0002\124\214\000I\0002\123\315\136\224}{section.7.3}% 60
\BOOKMARK [1][-]{section.7.4}{\376\377\116\140\230\230}{chapter.7}% 61
\BOOKMARK [0][-]{chapter.8}{\376\377\201\352\165\061\165\065\133\120\154\024}{}% 62
\BOOKMARK [1][-]{section.8.1}{\376\377\000I\000n\000t\000r\000o\000d\000u\000c\000t\000i\000o\000n}{chapter.8}% 63
\BOOKMARK [1][-]{section.8.2}{\376\377\176\337\213\241\122\006\147\220}{chapter.8}% 64
\BOOKMARK [2][-]{subsection.8.2.1}{\376\377\0000\000K\166\204\140\305\137\142}{section.8.2}% 65
\BOOKMARK [2][-]{subsection.8.2.2}{\376\377\227\136\0000\000K\166\204\140\305\137\142}{section.8.2}% 66
\BOOKMARK [1][-]{section.8.3}{\376\377\116\140\230\230}{chapter.8}% 67
\BOOKMARK [0][-]{chapter.9}{\376\377\000B\000o\000s\000e\000-\000E\000i\000n\000s\000t\000e\000i\000n\121\335\200\132}{}% 68
\BOOKMARK [1][-]{section.9.1}{\376\377\000I\000n\000t\000r\000o\000d\000u\000c\000t\000i\000o\000n}{chapter.9}% 69
\BOOKMARK [1][-]{section.9.2}{\376\377\000B\000o\000s\000e\000-\000E\000i\000n\000s\000t\000e\000i\000n\121\335\200\132}{chapter.9}% 70
\BOOKMARK [1][-]{section.9.3}{\376\377\000E\000x\000a\000m\000p\000l\000e\000:\0004\000H\000e}{chapter.9}% 71
\BOOKMARK [1][-]{section.9.4}{\376\377\116\140\230\230}{chapter.9}% 72
\BOOKMARK [0][-]{chapter.10}{\376\377\170\301\133\146\174\373\176\337\166\204\166\370\123\330\000\040\000I}{}% 73
\BOOKMARK [1][-]{section.10.1}{\376\377\000I\000n\000t\000r\000o\000d\000u\000c\000t\000i\000o\000n}{chapter.10}% 74
\BOOKMARK [2][-]{subsection.10.1.1}{\376\377\225\356\230\230\200\314\146\157}{section.10.1}% 75
\BOOKMARK [2][-]{subsection.10.1.2}{\376\377\000P\000V\000T\174\373\176\337\124\214\000H\000M\000T\174\373\176\337}{section.10.1}% 76
\BOOKMARK [2][-]{subsection.10.1.3}{\376\377\000I\000s\000i\000n\000g\152\041\127\213\124\214\170\301\133\146\160\355\122\233\133\146}{section.10.1}% 77
\BOOKMARK [1][-]{section.10.2}{\376\377\166\370\123\330\163\260\214\141\124\214\000I\000s\000i\000n\000g\152\041\127\213\166\204\211\343\147\220\211\343}{chapter.10}% 78
\BOOKMARK [0][-]{chapter.11}{\376\377\170\301\133\146\174\373\176\337\166\204\166\370\123\330\000\040\000I\000I}{}% 79
\BOOKMARK [1][-]{section.11.1}{\376\377\121\163\200\124\121\375\145\160}{chapter.11}% 80
\BOOKMARK [1][-]{section.11.2}{\376\377\136\163\127\107\127\072\164\006\213\272}{chapter.11}% 81
\BOOKMARK [1][-]{section.11.3}{\376\377\221\315\145\164\123\026\177\244\145\271\154\325}{chapter.11}% 82
\BOOKMARK [0][-]{chapter.12}{\376\377\166\370\126\376}{}% 83
\BOOKMARK [1][-]{section.12.1}{\376\377\000v\000a\000n\000\040\000d\000e\000r\000\040\000W\000a\000a\000l\000s\145\271\172\013\124\214\154\024\155\262\166\370\123\330}{chapter.12}% 84
\BOOKMARK [1][-]{section.12.2}{\376\377\116\044\176\304\122\006\174\373\176\337}{chapter.12}% 85
\BOOKMARK [1][-]{section.12.3}{\376\377\126\372\155\262\155\367\124\010\162\151}{chapter.12}% 86
\BOOKMARK [1][-]{section.12.4}{\376\377\116\140\230\230}{chapter.12}% 87
\BOOKMARK [0][-]{chapter.13}{\376\377\166\370\123\330\166\204\147\027\220\123\125\057\214\141\164\006\213\272}{}% 88
\BOOKMARK [0][-]{chapter.14}{\376\377\176\317\121\170\155\101\117\123}{}% 89
\BOOKMARK [1][-]{section.14.1}{\376\377\000I\000n\000t\000r\000o\000d\000u\000c\000t\000i\000o\000n}{chapter.14}% 90
\BOOKMARK [1][-]{section.14.2}{\376\377\176\317\121\170\221\115\122\006\121\375\145\160}{chapter.14}% 91
\BOOKMARK [1][-]{section.14.3}{\376\377\176\246\123\026\122\006\136\003\121\375\145\160\124\214\160\355\122\233\133\146\140\047\215\050\154\102\211\343}{chapter.14}% 92
\BOOKMARK [1][-]{section.14.4}{\376\377\116\140\230\230}{chapter.14}% 93
\BOOKMARK [0][-]{chapter.15}{\376\377\227\136\136\163\210\141\140\001\160\355\122\233\133\146\151\202\217\360}{}% 94
\BOOKMARK [1][-]{section.15.1}{\376\377\136\003\147\027\217\320\122\250\124\214\147\027\116\113\116\007\145\271\172\013}{chapter.15}% 95
\BOOKMARK [1][-]{section.15.2}{\376\377\000B\000o\000l\000t\000z\000m\000a\000n\000\040\000T\000r\000a\000n\000s\000p\000o\000r\000t\000\040\000E\000q\000u\000a\000t\000i\000o\000n}{chapter.15}% 96
\BOOKMARK [1][-]{section.15.3}{\376\377\000F\000o\000k\000k\000e\000r\000-\000P\000l\000a\000n\000k\000\040\000E\000q\000u\000a\000t\000i\000o\000n}{chapter.15}% 97
\BOOKMARK [1][-]{section.15.4}{\376\377\000L\000i\000n\000d\000b\000l\000a\000d\116\073\145\271\172\013\124\214\137\000\145\076\221\317\133\120\174\373\176\337}{chapter.15}% 98
\BOOKMARK [1][-]{section.15.5}{\376\377\116\140\230\230}{chapter.15}% 99
\BOOKMARK [0][-]{chapter.16}{\376\377\176\337\213\241\122\233\133\146\116\055\166\204\204\231\162\171\123\141\177\127\145\271\154\325}{}% 100
\BOOKMARK [0][-]{chapter.17}{\376\377\122\006\133\120\122\233\133\146\124\214\174\227\174\222\136\246\152\041\127\213\151\202\217\360}{}% 101
\BOOKMARK [1][-]{section.17.1}{\376\377\122\006\133\120\122\250\122\233\133\146\151\202\217\360}{chapter.17}% 102
\BOOKMARK [1][-]{section.17.2}{\376\377\174\227\174\222\136\246\152\041\127\213\145\271\154\325\116\313\176\315}{chapter.17}% 103
\BOOKMARK [1][-]{section.17.3}{\376\377\172\013\136\217\173\200\116\313}{chapter.17}% 104
\BOOKMARK [0][-]{appendix.A}{\376\377\145\160\133\146\167\345\213\306\210\145\121\105}{}% 105
\BOOKMARK [1][-]{section.A.1}{\376\377\116\000\116\233\127\372\147\054\166\204\176\323\213\272}{appendix.A}% 106
\BOOKMARK [2][-]{subsection.A.1.1}{\376\377\000N\176\364\164\003\117\123\166\204\117\123\171\357\124\214\210\150\227\142\171\357}{section.A.1}% 107
\BOOKMARK [1][-]{section.A.2}{\376\377\162\171\153\212\121\375\145\160}{appendix.A}% 108
\BOOKMARK [0][-]{section.A.2}{\376\377\123\302\200\003\145\207\163\056}{}% 109
\BOOKMARK [0][-]{section.A.2}{\376\377\175\042\137\025}{}% 110
